{"/Users/brycesexton/software_homework/Projects/unit_2_project/app.js": {"path":"/Users/brycesexton/software_homework/Projects/unit_2_project/app.js","statementMap":{"0":{"start":{"line":1,"column":16},"end":{"line":1,"column":34}},"1":{"start":{"line":2,"column":12},"end":{"line":2,"column":21}},"2":{"start":{"line":3,"column":19},"end":{"line":3,"column":50}},"3":{"start":{"line":4,"column":23},"end":{"line":4,"column":58}},"4":{"start":{"line":5,"column":20},"end":{"line":5,"column":52}},"5":{"start":{"line":7,"column":0},"end":{"line":7,"column":23}},"6":{"start":{"line":9,"column":0},"end":{"line":9,"column":29}},"7":{"start":{"line":10,"column":0},"end":{"line":10,"column":30}},"8":{"start":{"line":11,"column":0},"end":{"line":11,"column":36}},"9":{"start":{"line":13,"column":0},"end":{"line":13,"column":20}}},"fnMap":{},"branchMap":{},"s":{"0":3,"1":3,"2":3,"3":3,"4":3,"5":3,"6":3,"7":3,"8":3,"9":3},"f":{},"b":{},"_coverageSchema":"1a1c01bbd47fc00a2c39e90264f33305004495a9","hash":"996b6147dd366f1b3014876b4bcae76e70fcede7"}
,"/Users/brycesexton/software_homework/Projects/unit_2_project/controllers/playlistController.js": {"path":"/Users/brycesexton/software_homework/Projects/unit_2_project/controllers/playlistController.js","statementMap":{"0":{"start":{"line":1,"column":17},"end":{"line":1,"column":47}},"1":{"start":{"line":2,"column":14},"end":{"line":2,"column":41}},"2":{"start":{"line":3,"column":13},"end":{"line":3,"column":38}},"3":{"start":{"line":5,"column":0},"end":{"line":14,"column":1}},"4":{"start":{"line":6,"column":2},"end":{"line":13,"column":3}},"5":{"start":{"line":7,"column":28},"end":{"line":7,"column":59}},"6":{"start":{"line":8,"column":4},"end":{"line":8,"column":48}},"7":{"start":{"line":9,"column":4},"end":{"line":9,"column":25}},"8":{"start":{"line":10,"column":4},"end":{"line":10,"column":41}},"9":{"start":{"line":12,"column":4},"end":{"line":12,"column":48}},"10":{"start":{"line":16,"column":0},"end":{"line":23,"column":1}},"11":{"start":{"line":17,"column":2},"end":{"line":22,"column":3}},"12":{"start":{"line":18,"column":27},"end":{"line":18,"column":56}},"13":{"start":{"line":19,"column":4},"end":{"line":19,"column":40}},"14":{"start":{"line":21,"column":4},"end":{"line":21,"column":48}},"15":{"start":{"line":25,"column":0},"end":{"line":33,"column":1}},"16":{"start":{"line":26,"column":4},"end":{"line":32,"column":5}},"17":{"start":{"line":27,"column":30},"end":{"line":27,"column":74}},"18":{"start":{"line":28,"column":8},"end":{"line":28,"column":43}},"19":{"start":{"line":31,"column":8},"end":{"line":31,"column":50}},"20":{"start":{"line":35,"column":0},"end":{"line":58,"column":1}},"21":{"start":{"line":36,"column":2},"end":{"line":57,"column":3}},"22":{"start":{"line":37,"column":22},"end":{"line":37,"column":69}},"23":{"start":{"line":38,"column":4},"end":{"line":38,"column":85}},"24":{"start":{"line":38,"column":20},"end":{"line":38,"column":85}},"25":{"start":{"line":40,"column":26},"end":{"line":40,"column":80}},"26":{"start":{"line":41,"column":4},"end":{"line":41,"column":97}},"27":{"start":{"line":41,"column":24},"end":{"line":41,"column":97}},"28":{"start":{"line":42,"column":4},"end":{"line":44,"column":5}},"29":{"start":{"line":43,"column":6},"end":{"line":43,"column":100}},"30":{"start":{"line":46,"column":4},"end":{"line":46,"column":48}},"31":{"start":{"line":48,"column":4},"end":{"line":48,"column":31}},"32":{"start":{"line":50,"column":4},"end":{"line":54,"column":6}},"33":{"start":{"line":56,"column":4},"end":{"line":56,"column":48}},"34":{"start":{"line":60,"column":0},"end":{"line":81,"column":1}},"35":{"start":{"line":61,"column":17},"end":{"line":61,"column":27}},"36":{"start":{"line":62,"column":31},"end":{"line":62,"column":39}},"37":{"start":{"line":64,"column":2},"end":{"line":80,"column":3}},"38":{"start":{"line":65,"column":21},"end":{"line":65,"column":48}},"39":{"start":{"line":67,"column":4},"end":{"line":69,"column":5}},"40":{"start":{"line":68,"column":6},"end":{"line":68,"column":68}},"41":{"start":{"line":71,"column":4},"end":{"line":71,"column":26}},"42":{"start":{"line":72,"column":4},"end":{"line":72,"column":35}},"43":{"start":{"line":74,"column":4},"end":{"line":74,"column":25}},"44":{"start":{"line":76,"column":4},"end":{"line":76,"column":67}},"45":{"start":{"line":78,"column":4},"end":{"line":78,"column":24}},"46":{"start":{"line":79,"column":4},"end":{"line":79,"column":46}}},"fnMap":{"0":{"name":"(anonymous_0)","decl":{"start":{"line":5,"column":17},"end":{"line":5,"column":18}},"loc":{"start":{"line":5,"column":37},"end":{"line":14,"column":1}},"line":5},"1":{"name":"(anonymous_1)","decl":{"start":{"line":16,"column":16},"end":{"line":16,"column":17}},"loc":{"start":{"line":16,"column":36},"end":{"line":23,"column":1}},"line":16},"2":{"name":"(anonymous_2)","decl":{"start":{"line":25,"column":15},"end":{"line":25,"column":16}},"loc":{"start":{"line":25,"column":35},"end":{"line":33,"column":1}},"line":25},"3":{"name":"(anonymous_3)","decl":{"start":{"line":35,"column":18},"end":{"line":35,"column":19}},"loc":{"start":{"line":35,"column":38},"end":{"line":58,"column":1}},"line":35},"4":{"name":"(anonymous_4)","decl":{"start":{"line":60,"column":17},"end":{"line":60,"column":18}},"loc":{"start":{"line":60,"column":37},"end":{"line":81,"column":1}},"line":60}},"branchMap":{"0":{"loc":{"start":{"line":38,"column":4},"end":{"line":38,"column":85}},"type":"if","locations":[{"start":{"line":38,"column":4},"end":{"line":38,"column":85}},{"start":{},"end":{}}],"line":38},"1":{"loc":{"start":{"line":41,"column":4},"end":{"line":41,"column":97}},"type":"if","locations":[{"start":{"line":41,"column":4},"end":{"line":41,"column":97}},{"start":{},"end":{}}],"line":41},"2":{"loc":{"start":{"line":42,"column":4},"end":{"line":44,"column":5}},"type":"if","locations":[{"start":{"line":42,"column":4},"end":{"line":44,"column":5}},{"start":{},"end":{}}],"line":42},"3":{"loc":{"start":{"line":67,"column":4},"end":{"line":69,"column":5}},"type":"if","locations":[{"start":{"line":67,"column":4},"end":{"line":69,"column":5}},{"start":{},"end":{}}],"line":67}},"s":{"0":3,"1":3,"2":3,"3":3,"4":1,"5":1,"6":1,"7":1,"8":1,"9":0,"10":3,"11":1,"12":1,"13":1,"14":0,"15":3,"16":1,"17":1,"18":1,"19":0,"20":3,"21":1,"22":1,"23":1,"24":0,"25":1,"26":1,"27":0,"28":1,"29":0,"30":1,"31":1,"32":1,"33":0,"34":3,"35":1,"36":1,"37":1,"38":1,"39":1,"40":0,"41":1,"42":1,"43":1,"44":1,"45":0,"46":0},"f":{"0":1,"1":1,"2":1,"3":1,"4":1},"b":{"0":[0,1],"1":[0,1],"2":[0,1],"3":[0,1]},"_coverageSchema":"1a1c01bbd47fc00a2c39e90264f33305004495a9","hash":"e97cf735e0e2a04109a4280657360b876c376920"}
,"/Users/brycesexton/software_homework/Projects/unit_2_project/controllers/songsController.js": {"path":"/Users/brycesexton/software_homework/Projects/unit_2_project/controllers/songsController.js","statementMap":{"0":{"start":{"line":1,"column":14},"end":{"line":1,"column":40}},"1":{"start":{"line":2,"column":17},"end":{"line":2,"column":46}},"2":{"start":{"line":4,"column":0},"end":{"line":11,"column":1}},"3":{"start":{"line":5,"column":2},"end":{"line":10,"column":3}},"4":{"start":{"line":6,"column":24},"end":{"line":6,"column":52}},"5":{"start":{"line":7,"column":4},"end":{"line":7,"column":37}},"6":{"start":{"line":9,"column":4},"end":{"line":9,"column":48}},"7":{"start":{"line":13,"column":0},"end":{"line":20,"column":1}},"8":{"start":{"line":14,"column":2},"end":{"line":19,"column":3}},"9":{"start":{"line":15,"column":23},"end":{"line":15,"column":49}},"10":{"start":{"line":16,"column":4},"end":{"line":16,"column":36}},"11":{"start":{"line":18,"column":4},"end":{"line":18,"column":48}},"12":{"start":{"line":22,"column":0},"end":{"line":34,"column":1}},"13":{"start":{"line":23,"column":2},"end":{"line":33,"column":3}},"14":{"start":{"line":24,"column":22},"end":{"line":24,"column":65}},"15":{"start":{"line":26,"column":4},"end":{"line":28,"column":5}},"16":{"start":{"line":27,"column":6},"end":{"line":27,"column":64}},"17":{"start":{"line":30,"column":4},"end":{"line":30,"column":35}},"18":{"start":{"line":32,"column":4},"end":{"line":32,"column":48}},"19":{"start":{"line":36,"column":0},"end":{"line":60,"column":1}},"20":{"start":{"line":37,"column":17},"end":{"line":37,"column":27}},"21":{"start":{"line":38,"column":35},"end":{"line":38,"column":43}},"22":{"start":{"line":40,"column":2},"end":{"line":59,"column":3}},"23":{"start":{"line":41,"column":17},"end":{"line":41,"column":41}},"24":{"start":{"line":43,"column":4},"end":{"line":45,"column":5}},"25":{"start":{"line":44,"column":6},"end":{"line":44,"column":64}},"26":{"start":{"line":46,"column":4},"end":{"line":48,"column":5}},"27":{"start":{"line":47,"column":6},"end":{"line":47,"column":34}},"28":{"start":{"line":49,"column":4},"end":{"line":51,"column":5}},"29":{"start":{"line":50,"column":6},"end":{"line":50,"column":30}},"30":{"start":{"line":53,"column":4},"end":{"line":53,"column":21}},"31":{"start":{"line":55,"column":4},"end":{"line":55,"column":59}},"32":{"start":{"line":57,"column":4},"end":{"line":57,"column":24}},"33":{"start":{"line":58,"column":4},"end":{"line":58,"column":46}}},"fnMap":{"0":{"name":"(anonymous_0)","decl":{"start":{"line":4,"column":17},"end":{"line":4,"column":18}},"loc":{"start":{"line":4,"column":37},"end":{"line":11,"column":1}},"line":4},"1":{"name":"(anonymous_1)","decl":{"start":{"line":13,"column":16},"end":{"line":13,"column":17}},"loc":{"start":{"line":13,"column":36},"end":{"line":20,"column":1}},"line":13},"2":{"name":"(anonymous_2)","decl":{"start":{"line":22,"column":15},"end":{"line":22,"column":16}},"loc":{"start":{"line":22,"column":35},"end":{"line":34,"column":1}},"line":22},"3":{"name":"(anonymous_3)","decl":{"start":{"line":36,"column":17},"end":{"line":36,"column":18}},"loc":{"start":{"line":36,"column":37},"end":{"line":60,"column":1}},"line":36}},"branchMap":{"0":{"loc":{"start":{"line":26,"column":4},"end":{"line":28,"column":5}},"type":"if","locations":[{"start":{"line":26,"column":4},"end":{"line":28,"column":5}},{"start":{},"end":{}}],"line":26},"1":{"loc":{"start":{"line":43,"column":4},"end":{"line":45,"column":5}},"type":"if","locations":[{"start":{"line":43,"column":4},"end":{"line":45,"column":5}},{"start":{},"end":{}}],"line":43},"2":{"loc":{"start":{"line":46,"column":4},"end":{"line":48,"column":5}},"type":"if","locations":[{"start":{"line":46,"column":4},"end":{"line":48,"column":5}},{"start":{},"end":{}}],"line":46},"3":{"loc":{"start":{"line":49,"column":4},"end":{"line":51,"column":5}},"type":"if","locations":[{"start":{"line":49,"column":4},"end":{"line":51,"column":5}},{"start":{},"end":{}}],"line":49}},"s":{"0":3,"1":3,"2":3,"3":0,"4":0,"5":0,"6":0,"7":3,"8":0,"9":0,"10":0,"11":0,"12":3,"13":1,"14":1,"15":1,"16":0,"17":1,"18":0,"19":3,"20":1,"21":1,"22":1,"23":1,"24":1,"25":0,"26":1,"27":1,"28":1,"29":0,"30":1,"31":1,"32":0,"33":0},"f":{"0":0,"1":0,"2":1,"3":1},"b":{"0":[0,1],"1":[0,1],"2":[1,0],"3":[0,1]},"_coverageSchema":"1a1c01bbd47fc00a2c39e90264f33305004495a9","hash":"7aac0d7a43da8657a3c48cf9d191287aced32dda"}
,"/Users/brycesexton/software_homework/Projects/unit_2_project/controllers/userController.js": {"path":"/Users/brycesexton/software_homework/Projects/unit_2_project/controllers/userController.js","statementMap":{"0":{"start":{"line":1,"column":13},"end":{"line":1,"column":38}},"1":{"start":{"line":2,"column":15},"end":{"line":2,"column":32}},"2":{"start":{"line":3,"column":12},"end":{"line":3,"column":35}},"3":{"start":{"line":5,"column":0},"end":{"line":20,"column":1}},"4":{"start":{"line":6,"column":2},"end":{"line":19,"column":3}},"5":{"start":{"line":7,"column":18},"end":{"line":7,"column":68}},"6":{"start":{"line":8,"column":17},"end":{"line":8,"column":58}},"7":{"start":{"line":9,"column":17},"end":{"line":9,"column":54}},"8":{"start":{"line":11,"column":4},"end":{"line":13,"column":5}},"9":{"start":{"line":12,"column":6},"end":{"line":12,"column":39}},"10":{"start":{"line":15,"column":4},"end":{"line":15,"column":19}},"11":{"start":{"line":16,"column":4},"end":{"line":16,"column":10}},"12":{"start":{"line":18,"column":4},"end":{"line":18,"column":84}},"13":{"start":{"line":22,"column":0},"end":{"line":31,"column":1}},"14":{"start":{"line":23,"column":2},"end":{"line":30,"column":3}},"15":{"start":{"line":24,"column":17},"end":{"line":24,"column":35}},"16":{"start":{"line":25,"column":4},"end":{"line":25,"column":21}},"17":{"start":{"line":26,"column":18},"end":{"line":26,"column":48}},"18":{"start":{"line":27,"column":4},"end":{"line":27,"column":41}},"19":{"start":{"line":29,"column":4},"end":{"line":29,"column":50}},"20":{"start":{"line":33,"column":0},"end":{"line":46,"column":1}},"21":{"start":{"line":34,"column":2},"end":{"line":45,"column":3}},"22":{"start":{"line":35,"column":17},"end":{"line":35,"column":68}},"23":{"start":{"line":37,"column":4},"end":{"line":42,"column":5}},"24":{"start":{"line":38,"column":6},"end":{"line":38,"column":46}},"25":{"start":{"line":40,"column":20},"end":{"line":40,"column":50}},"26":{"start":{"line":41,"column":6},"end":{"line":41,"column":43}},"27":{"start":{"line":44,"column":4},"end":{"line":44,"column":74}},"28":{"start":{"line":48,"column":0},"end":{"line":64,"column":1}},"29":{"start":{"line":49,"column":2},"end":{"line":63,"column":3}},"30":{"start":{"line":50,"column":20},"end":{"line":50,"column":41}},"31":{"start":{"line":51,"column":17},"end":{"line":51,"column":59}},"32":{"start":{"line":54,"column":4},"end":{"line":56,"column":5}},"33":{"start":{"line":55,"column":6},"end":{"line":55,"column":59}},"34":{"start":{"line":58,"column":4},"end":{"line":58,"column":62}},"35":{"start":{"line":58,"column":30},"end":{"line":58,"column":61}},"36":{"start":{"line":59,"column":4},"end":{"line":59,"column":21}},"37":{"start":{"line":60,"column":4},"end":{"line":60,"column":30}},"38":{"start":{"line":62,"column":4},"end":{"line":62,"column":79}},"39":{"start":{"line":66,"column":0},"end":{"line":73,"column":1}},"40":{"start":{"line":67,"column":2},"end":{"line":72,"column":3}},"41":{"start":{"line":68,"column":4},"end":{"line":68,"column":30}},"42":{"start":{"line":69,"column":4},"end":{"line":69,"column":56}},"43":{"start":{"line":71,"column":4},"end":{"line":71,"column":84}}},"fnMap":{"0":{"name":"(anonymous_0)","decl":{"start":{"line":5,"column":15},"end":{"line":5,"column":16}},"loc":{"start":{"line":5,"column":41},"end":{"line":20,"column":1}},"line":5},"1":{"name":"(anonymous_1)","decl":{"start":{"line":22,"column":21},"end":{"line":22,"column":22}},"loc":{"start":{"line":22,"column":41},"end":{"line":31,"column":1}},"line":22},"2":{"name":"(anonymous_2)","decl":{"start":{"line":33,"column":20},"end":{"line":33,"column":21}},"loc":{"start":{"line":33,"column":40},"end":{"line":46,"column":1}},"line":33},"3":{"name":"(anonymous_3)","decl":{"start":{"line":48,"column":21},"end":{"line":48,"column":22}},"loc":{"start":{"line":48,"column":41},"end":{"line":64,"column":1}},"line":48},"4":{"name":"(anonymous_4)","decl":{"start":{"line":58,"column":20},"end":{"line":58,"column":21}},"loc":{"start":{"line":58,"column":30},"end":{"line":58,"column":61}},"line":58},"5":{"name":"(anonymous_5)","decl":{"start":{"line":66,"column":21},"end":{"line":66,"column":22}},"loc":{"start":{"line":66,"column":41},"end":{"line":73,"column":1}},"line":66}},"branchMap":{"0":{"loc":{"start":{"line":11,"column":4},"end":{"line":13,"column":5}},"type":"if","locations":[{"start":{"line":11,"column":4},"end":{"line":13,"column":5}},{"start":{},"end":{}}],"line":11},"1":{"loc":{"start":{"line":37,"column":4},"end":{"line":42,"column":5}},"type":"if","locations":[{"start":{"line":37,"column":4},"end":{"line":42,"column":5}},{"start":{"line":39,"column":11},"end":{"line":42,"column":5}}],"line":37},"2":{"loc":{"start":{"line":37,"column":8},"end":{"line":37,"column":72}},"type":"binary-expr","locations":[{"start":{"line":37,"column":8},"end":{"line":37,"column":13}},{"start":{"line":37,"column":17},"end":{"line":37,"column":72}}],"line":37},"3":{"loc":{"start":{"line":54,"column":4},"end":{"line":56,"column":5}},"type":"if","locations":[{"start":{"line":54,"column":4},"end":{"line":56,"column":5}},{"start":{},"end":{}}],"line":54}},"s":{"0":3,"1":3,"2":3,"3":3,"4":4,"5":4,"6":4,"7":4,"8":4,"9":0,"10":4,"11":4,"12":0,"13":3,"14":1,"15":1,"16":1,"17":1,"18":1,"19":0,"20":3,"21":3,"22":3,"23":3,"24":0,"25":3,"26":3,"27":0,"28":3,"29":1,"30":1,"31":1,"32":1,"33":0,"34":1,"35":1,"36":1,"37":1,"38":0,"39":3,"40":1,"41":1,"42":1,"43":0},"f":{"0":4,"1":1,"2":3,"3":1,"4":1,"5":1},"b":{"0":[0,4],"1":[0,3],"2":[3,3],"3":[0,1]},"_coverageSchema":"1a1c01bbd47fc00a2c39e90264f33305004495a9","hash":"8169386087139d6dd73cea1d65d28f5980802381"}
,"/Users/brycesexton/software_homework/Projects/unit_2_project/models/playlist.js": {"path":"/Users/brycesexton/software_homework/Projects/unit_2_project/models/playlist.js","statementMap":{"0":{"start":{"line":1,"column":17},"end":{"line":1,"column":36}},"1":{"start":{"line":3,"column":23},"end":{"line":8,"column":4}},"2":{"start":{"line":10,"column":19},"end":{"line":10,"column":61}},"3":{"start":{"line":12,"column":2},"end":{"line":12,"column":27}}},"fnMap":{},"branchMap":{},"s":{"0":3,"1":3,"2":3,"3":3},"f":{},"b":{},"_coverageSchema":"1a1c01bbd47fc00a2c39e90264f33305004495a9","hash":"3d443b15ac59d639835ed82bceea9f60d22f0e5b"}
,"/Users/brycesexton/software_homework/Projects/unit_2_project/models/songs.js": {"path":"/Users/brycesexton/software_homework/Projects/unit_2_project/models/songs.js","statementMap":{"0":{"start":{"line":1,"column":17},"end":{"line":1,"column":36}},"1":{"start":{"line":3,"column":20},"end":{"line":6,"column":4}},"2":{"start":{"line":8,"column":16},"end":{"line":8,"column":52}},"3":{"start":{"line":10,"column":2},"end":{"line":10,"column":24}}},"fnMap":{},"branchMap":{},"s":{"0":3,"1":3,"2":3,"3":3},"f":{},"b":{},"_coverageSchema":"1a1c01bbd47fc00a2c39e90264f33305004495a9","hash":"b040f3dffa6fd1ac8dfb9bf6b8f921f28f0a6673"}
,"/Users/brycesexton/software_homework/Projects/unit_2_project/models/user.js": {"path":"/Users/brycesexton/software_homework/Projects/unit_2_project/models/user.js","statementMap":{"0":{"start":{"line":1,"column":0},"end":{"line":1,"column":26}},"1":{"start":{"line":2,"column":17},"end":{"line":2,"column":36}},"2":{"start":{"line":3,"column":15},"end":{"line":3,"column":32}},"3":{"start":{"line":4,"column":12},"end":{"line":4,"column":35}},"4":{"start":{"line":6,"column":19},"end":{"line":10,"column":2}},"5":{"start":{"line":12,"column":0},"end":{"line":17,"column":2}},"6":{"start":{"line":13,"column":2},"end":{"line":15,"column":3}},"7":{"start":{"line":14,"column":4},"end":{"line":14,"column":55}},"8":{"start":{"line":16,"column":2},"end":{"line":16,"column":9}},"9":{"start":{"line":19,"column":0},"end":{"line":23,"column":1}},"10":{"start":{"line":20,"column":20},"end":{"line":20,"column":42}},"11":{"start":{"line":21,"column":16},"end":{"line":21,"column":54}},"12":{"start":{"line":22,"column":2},"end":{"line":22,"column":14}},"13":{"start":{"line":25,"column":13},"end":{"line":25,"column":47}},"14":{"start":{"line":27,"column":0},"end":{"line":27,"column":21}}},"fnMap":{"0":{"name":"(anonymous_0)","decl":{"start":{"line":12,"column":23},"end":{"line":12,"column":24}},"loc":{"start":{"line":12,"column":44},"end":{"line":17,"column":1}},"line":12},"1":{"name":"(anonymous_1)","decl":{"start":{"line":19,"column":39},"end":{"line":19,"column":40}},"loc":{"start":{"line":19,"column":50},"end":{"line":23,"column":1}},"line":19}},"branchMap":{"0":{"loc":{"start":{"line":13,"column":2},"end":{"line":15,"column":3}},"type":"if","locations":[{"start":{"line":13,"column":2},"end":{"line":15,"column":3}},{"start":{},"end":{}}],"line":13}},"s":{"0":3,"1":3,"2":3,"3":3,"4":3,"5":3,"6":8,"7":6,"8":8,"9":3,"10":5,"11":5,"12":5,"13":3,"14":3},"f":{"0":8,"1":5},"b":{"0":[6,2]},"_coverageSchema":"1a1c01bbd47fc00a2c39e90264f33305004495a9","hash":"bfd1da19374fc0e34ef5b4ee77cbf6388ba5ad5d"}
,"/Users/brycesexton/software_homework/Projects/unit_2_project/routes/playlistRouter.js": {"path":"/Users/brycesexton/software_homework/Projects/unit_2_project/routes/playlistRouter.js","statementMap":{"0":{"start":{"line":1,"column":16},"end":{"line":1,"column":34}},"1":{"start":{"line":2,"column":15},"end":{"line":2,"column":31}},"2":{"start":{"line":3,"column":27},"end":{"line":3,"column":71}},"3":{"start":{"line":4,"column":23},"end":{"line":4,"column":64}},"4":{"start":{"line":7,"column":0},"end":{"line":7,"column":64}},"5":{"start":{"line":8,"column":0},"end":{"line":8,"column":41}},"6":{"start":{"line":9,"column":0},"end":{"line":9,"column":66}},"7":{"start":{"line":10,"column":0},"end":{"line":10,"column":69}},"8":{"start":{"line":11,"column":0},"end":{"line":11,"column":43}},"9":{"start":{"line":13,"column":0},"end":{"line":13,"column":23}}},"fnMap":{},"branchMap":{},"s":{"0":3,"1":3,"2":3,"3":3,"4":3,"5":3,"6":3,"7":3,"8":3,"9":3},"f":{},"b":{},"_coverageSchema":"1a1c01bbd47fc00a2c39e90264f33305004495a9","hash":"72cc89b6121c8f41d60a297a9f8a7877306093c5"}
,"/Users/brycesexton/software_homework/Projects/unit_2_project/routes/songsRouter.js": {"path":"/Users/brycesexton/software_homework/Projects/unit_2_project/routes/songsRouter.js","statementMap":{"0":{"start":{"line":1,"column":16},"end":{"line":1,"column":34}},"1":{"start":{"line":2,"column":15},"end":{"line":2,"column":31}},"2":{"start":{"line":3,"column":24},"end":{"line":3,"column":65}},"3":{"start":{"line":4,"column":23},"end":{"line":4,"column":64}},"4":{"start":{"line":6,"column":0},"end":{"line":6,"column":61}},"5":{"start":{"line":7,"column":0},"end":{"line":7,"column":38}},"6":{"start":{"line":8,"column":0},"end":{"line":8,"column":63}},"7":{"start":{"line":9,"column":0},"end":{"line":9,"column":40}},"8":{"start":{"line":11,"column":0},"end":{"line":11,"column":23}}},"fnMap":{},"branchMap":{},"s":{"0":3,"1":3,"2":3,"3":3,"4":3,"5":3,"6":3,"7":3,"8":3},"f":{},"b":{},"_coverageSchema":"1a1c01bbd47fc00a2c39e90264f33305004495a9","hash":"b615a250ed365009388680a216394406621c79d9"}
,"/Users/brycesexton/software_homework/Projects/unit_2_project/routes/userRouter.js": {"path":"/Users/brycesexton/software_homework/Projects/unit_2_project/routes/userRouter.js","statementMap":{"0":{"start":{"line":1,"column":16},"end":{"line":1,"column":34}},"1":{"start":{"line":2,"column":15},"end":{"line":2,"column":31}},"2":{"start":{"line":3,"column":23},"end":{"line":3,"column":63}},"3":{"start":{"line":4,"column":27},"end":{"line":4,"column":71}},"4":{"start":{"line":6,"column":0},"end":{"line":6,"column":43}},"5":{"start":{"line":7,"column":0},"end":{"line":7,"column":47}},"6":{"start":{"line":8,"column":0},"end":{"line":8,"column":72}},"7":{"start":{"line":9,"column":0},"end":{"line":9,"column":45}},"8":{"start":{"line":10,"column":0},"end":{"line":10,"column":69}},"9":{"start":{"line":13,"column":0},"end":{"line":13,"column":23}}},"fnMap":{},"branchMap":{},"s":{"0":3,"1":3,"2":3,"3":3,"4":3,"5":3,"6":3,"7":3,"8":3,"9":3},"f":{},"b":{},"_coverageSchema":"1a1c01bbd47fc00a2c39e90264f33305004495a9","hash":"ff0ada33cd9c7dc899dce7689107eb058ac9e846"}
}
