TN:
SF:app.js
FNF:0
FNH:0
DA:1,2
DA:2,2
DA:3,2
DA:4,2
DA:5,2
DA:7,2
DA:9,2
DA:10,2
DA:11,2
DA:13,2
LF:10
LH:10
BRF:0
BRH:0
end_of_record
TN:
SF:controllers/playlistController.js
FN:4,(anonymous_0)
FN:13,(anonymous_1)
FN:22,(anonymous_2)
FN:32,(anonymous_3)
FN:59,(anonymous_4)
FNF:5
FNH:4
FNDA:1,(anonymous_0)
FNDA:1,(anonymous_1)
FNDA:1,(anonymous_2)
FNDA:0,(anonymous_3)
FNDA:1,(anonymous_4)
DA:1,2
DA:2,2
DA:4,2
DA:5,1
DA:6,1
DA:7,1
DA:9,0
DA:13,2
DA:14,1
DA:15,1
DA:16,1
DA:18,0
DA:22,2
DA:23,1
DA:24,1
DA:25,1
DA:28,0
DA:32,2
DA:33,0
DA:34,0
DA:35,0
DA:37,0
DA:38,0
DA:41,0
DA:42,0
DA:45,0
DA:47,0
DA:49,0
DA:55,0
DA:59,2
DA:60,1
DA:61,1
DA:63,1
DA:64,1
DA:66,1
DA:67,0
DA:70,1
DA:71,1
DA:73,1
DA:75,1
DA:77,0
DA:78,0
LF:42
LH:25
BRDA:35,0,0,0
BRDA:35,0,1,0
BRDA:38,1,0,0
BRDA:38,1,1,0
BRDA:41,2,0,0
BRDA:41,2,1,0
BRDA:66,3,0,0
BRDA:66,3,1,1
BRF:8
BRH:1
end_of_record
TN:
SF:controllers/songsController.js
FN:5,(anonymous_0)
FN:14,(anonymous_1)
FN:23,(anonymous_2)
FN:33,(anonymous_3)
FN:57,(anonymous_4)
FNF:5
FNH:0
FNDA:0,(anonymous_0)
FNDA:0,(anonymous_1)
FNDA:0,(anonymous_2)
FNDA:0,(anonymous_3)
FNDA:0,(anonymous_4)
DA:1,2
DA:2,2
DA:5,2
DA:6,0
DA:7,0
DA:8,0
DA:10,0
DA:14,2
DA:15,0
DA:16,0
DA:17,0
DA:19,0
DA:23,2
DA:24,0
DA:25,0
DA:26,0
DA:29,0
DA:33,2
DA:34,0
DA:35,0
DA:36,0
DA:38,0
DA:39,0
DA:41,0
DA:42,0
DA:44,0
DA:45,0
DA:47,0
DA:53,0
DA:57,2
DA:58,0
DA:59,0
DA:61,0
DA:62,0
DA:64,0
DA:65,0
DA:68,0
DA:69,0
DA:71,0
DA:73,0
DA:75,0
DA:76,0
LF:42
LH:7
BRDA:36,0,0,0
BRDA:36,0,1,0
BRDA:39,1,0,0
BRDA:39,1,1,0
BRDA:64,2,0,0
BRDA:64,2,1,0
BRF:6
BRH:0
end_of_record
TN:
SF:controllers/userController.js
FN:5,(anonymous_0)
FN:21,(anonymous_1)
FN:32,(anonymous_2)
FN:47,(anonymous_3)
FN:56,(anonymous_4)
FN:64,(anonymous_5)
FNF:6
FNH:6
FNDA:3,(anonymous_0)
FNDA:1,(anonymous_1)
FNDA:2,(anonymous_2)
FNDA:1,(anonymous_3)
FNDA:1,(anonymous_4)
FNDA:1,(anonymous_5)
DA:1,2
DA:2,2
DA:3,2
DA:5,2
DA:6,3
DA:7,3
DA:8,3
DA:9,3
DA:11,3
DA:12,0
DA:15,3
DA:16,3
DA:18,0
DA:21,2
DA:22,1
DA:23,1
DA:24,1
DA:25,1
DA:26,1
DA:28,0
DA:32,2
DA:33,2
DA:34,2
DA:36,2
DA:37,0
DA:39,2
DA:40,2
DA:43,0
DA:47,2
DA:48,1
DA:49,1
DA:50,1
DA:52,1
DA:53,0
DA:56,1
DA:57,1
DA:58,1
DA:60,0
DA:64,2
DA:65,1
DA:66,1
DA:67,1
DA:69,0
LF:43
LH:35
BRDA:11,0,0,0
BRDA:11,0,1,3
BRDA:36,1,0,0
BRDA:36,1,1,2
BRDA:36,2,0,2
BRDA:36,2,1,2
BRDA:52,3,0,0
BRDA:52,3,1,1
BRF:8
BRH:5
end_of_record
TN:
SF:models/playlist.js
FNF:0
FNH:0
DA:1,2
DA:3,2
DA:10,2
DA:12,2
LF:4
LH:4
BRF:0
BRH:0
end_of_record
TN:
SF:models/songs.js
FNF:0
FNH:0
DA:1,2
DA:3,2
DA:8,2
DA:10,2
LF:4
LH:4
BRF:0
BRH:0
end_of_record
TN:
SF:models/user.js
FN:12,(anonymous_0)
FN:19,(anonymous_1)
FNF:2
FNH:2
FNDA:6,(anonymous_0)
FNDA:4,(anonymous_1)
DA:1,2
DA:2,2
DA:3,2
DA:4,2
DA:6,2
DA:12,2
DA:13,6
DA:14,5
DA:16,6
DA:19,2
DA:20,4
DA:21,4
DA:22,4
DA:25,2
DA:27,2
LF:15
LH:15
BRDA:13,0,0,5
BRDA:13,0,1,1
BRF:2
BRH:2
end_of_record
TN:
SF:routes/playlistRouter.js
FNF:0
FNH:0
DA:1,2
DA:2,2
DA:3,2
DA:4,2
DA:6,2
DA:7,2
DA:8,2
DA:9,2
DA:10,2
DA:12,2
LF:10
LH:10
BRF:0
BRH:0
end_of_record
TN:
SF:routes/songsRouter.js
FNF:0
FNH:0
DA:1,2
DA:2,2
DA:3,2
DA:4,2
DA:6,2
DA:7,2
DA:8,2
DA:9,2
DA:10,2
DA:12,2
LF:10
LH:10
BRF:0
BRH:0
end_of_record
TN:
SF:routes/userRouter.js
FNF:0
FNH:0
DA:1,2
DA:2,2
DA:3,2
DA:5,2
DA:6,2
DA:7,2
DA:8,2
DA:11,2
LF:8
LH:8
BRF:0
BRH:0
end_of_record
