TN:
SF:app.js
FNF:0
FNH:0
DA:1,3
DA:2,3
DA:3,3
DA:4,3
DA:5,3
DA:7,3
DA:9,3
DA:10,3
DA:11,3
DA:13,3
LF:10
LH:10
BRF:0
BRH:0
end_of_record
TN:
SF:controllers/playlistController.js
FN:4,(anonymous_0)
FN:13,(anonymous_1)
FN:22,(anonymous_2)
FN:32,(anonymous_3)
FN:57,(anonymous_4)
FNF:5
FNH:5
FNDA:1,(anonymous_0)
FNDA:1,(anonymous_1)
FNDA:1,(anonymous_2)
FNDA:1,(anonymous_3)
FNDA:1,(anonymous_4)
DA:1,3
DA:2,3
DA:4,3
DA:5,1
DA:6,1
DA:7,1
DA:9,0
DA:13,3
DA:14,1
DA:15,1
DA:16,1
DA:18,0
DA:22,3
DA:23,1
DA:24,1
DA:25,1
DA:28,0
DA:32,3
DA:33,1
DA:34,1
DA:35,1
DA:37,1
DA:38,1
DA:39,1
DA:40,0
DA:43,1
DA:45,1
DA:47,1
DA:53,0
DA:57,3
DA:58,1
DA:59,1
DA:61,1
DA:62,1
DA:64,1
DA:65,0
DA:68,1
DA:69,1
DA:71,1
DA:73,1
DA:75,0
DA:76,0
LF:42
LH:34
BRDA:35,0,0,0
BRDA:35,0,1,1
BRDA:38,1,0,0
BRDA:38,1,1,1
BRDA:39,2,0,0
BRDA:39,2,1,1
BRDA:64,3,0,0
BRDA:64,3,1,1
BRF:8
BRH:4
end_of_record
TN:
SF:controllers/songsController.js
FN:4,(anonymous_0)
FN:13,(anonymous_1)
FN:22,(anonymous_2)
FN:36,(anonymous_3)
FNF:4
FNH:2
FNDA:0,(anonymous_0)
FNDA:0,(anonymous_1)
FNDA:1,(anonymous_2)
FNDA:1,(anonymous_3)
DA:1,3
DA:2,3
DA:4,3
DA:5,0
DA:6,0
DA:7,0
DA:9,0
DA:13,3
DA:14,0
DA:15,0
DA:16,0
DA:18,0
DA:22,3
DA:23,1
DA:24,1
DA:26,1
DA:27,0
DA:30,1
DA:32,0
DA:36,3
DA:37,1
DA:38,1
DA:40,1
DA:41,1
DA:43,1
DA:44,0
DA:46,1
DA:47,1
DA:49,1
DA:50,0
DA:53,1
DA:55,1
DA:57,0
DA:58,0
LF:34
LH:20
BRDA:26,0,0,0
BRDA:26,0,1,1
BRDA:43,1,0,0
BRDA:43,1,1,1
BRDA:46,2,0,1
BRDA:46,2,1,0
BRDA:49,3,0,0
BRDA:49,3,1,1
BRF:8
BRH:4
end_of_record
TN:
SF:controllers/userController.js
FN:5,(anonymous_0)
FN:21,(anonymous_1)
FN:32,(anonymous_2)
FN:47,(anonymous_3)
FN:56,(anonymous_4)
FN:64,(anonymous_5)
FNF:6
FNH:6
FNDA:4,(anonymous_0)
FNDA:1,(anonymous_1)
FNDA:3,(anonymous_2)
FNDA:1,(anonymous_3)
FNDA:1,(anonymous_4)
FNDA:1,(anonymous_5)
DA:1,3
DA:2,3
DA:3,3
DA:5,3
DA:6,4
DA:7,4
DA:8,4
DA:9,4
DA:11,4
DA:12,0
DA:15,4
DA:16,4
DA:18,0
DA:21,3
DA:22,1
DA:23,1
DA:24,1
DA:25,1
DA:26,1
DA:28,0
DA:32,3
DA:33,3
DA:34,3
DA:36,3
DA:37,0
DA:39,3
DA:40,3
DA:43,0
DA:47,3
DA:48,1
DA:49,1
DA:50,1
DA:52,1
DA:53,0
DA:56,1
DA:57,1
DA:58,1
DA:60,0
DA:64,3
DA:65,1
DA:66,1
DA:67,1
DA:69,0
LF:43
LH:35
BRDA:11,0,0,0
BRDA:11,0,1,4
BRDA:36,1,0,0
BRDA:36,1,1,3
BRDA:36,2,0,3
BRDA:36,2,1,3
BRDA:52,3,0,0
BRDA:52,3,1,1
BRF:8
BRH:5
end_of_record
TN:
SF:models/playlist.js
FNF:0
FNH:0
DA:1,3
DA:3,3
DA:10,3
DA:12,3
LF:4
LH:4
BRF:0
BRH:0
end_of_record
TN:
SF:models/songs.js
FNF:0
FNH:0
DA:1,3
DA:3,3
DA:8,3
DA:10,3
LF:4
LH:4
BRF:0
BRH:0
end_of_record
TN:
SF:models/user.js
FN:12,(anonymous_0)
FN:19,(anonymous_1)
FNF:2
FNH:2
FNDA:7,(anonymous_0)
FNDA:5,(anonymous_1)
DA:1,3
DA:2,3
DA:3,3
DA:4,3
DA:6,3
DA:12,3
DA:13,7
DA:14,6
DA:16,7
DA:19,3
DA:20,5
DA:21,5
DA:22,5
DA:25,3
DA:27,3
LF:15
LH:15
BRDA:13,0,0,6
BRDA:13,0,1,1
BRF:2
BRH:2
end_of_record
TN:
SF:routes/playlistRouter.js
FNF:0
FNH:0
DA:1,3
DA:2,3
DA:3,3
DA:4,3
DA:6,3
DA:7,3
DA:8,3
DA:9,3
DA:10,3
DA:12,3
LF:10
LH:10
BRF:0
BRH:0
end_of_record
TN:
SF:routes/songsRouter.js
FNF:0
FNH:0
DA:1,3
DA:2,3
DA:3,3
DA:4,3
DA:6,3
DA:7,3
DA:8,3
DA:9,3
DA:11,3
LF:9
LH:9
BRF:0
BRH:0
end_of_record
TN:
SF:routes/userRouter.js
FNF:0
FNH:0
DA:1,3
DA:2,3
DA:3,3
DA:5,3
DA:6,3
DA:7,3
DA:8,3
DA:11,3
LF:8
LH:8
BRF:0
BRH:0
end_of_record
